<?xml version="1.0" encoding="UTF-8"?>
<!-- Generated by org.testng.reporters.JUnitReportReporter -->
<testsuite hostname="QasimJaved-PC" failures="0" tests="1" name="Runner.TestRunner" time="0.126" errors="1" timestamp="2021-03-11T19:40:36 PKT" skipped="0">
  <testcase classname="Runner.TestRunner" name="runScenario" time="0.126">
    <error message="Cannot invoke &quot;com.aventstack.extentreports.ExtentTest.createNode(String)&quot; because &quot;Base.BaseUtils.features&quot; is null" type="java.lang.NullPointerException">
      <![CDATA[java.lang.NullPointerException: Cannot invoke "com.aventstack.extentreports.ExtentTest.createNode(String)" because "Base.BaseUtils.features" is null
at Steps.Hook.InitializeTest(Hook.java:20)
]]>
    </error>
  </testcase> <!-- runScenario -->
  <system-out/>
</testsuite> <!-- Runner.TestRunner -->
